<?xml version="1.0" encoding="UTF-8"?>
<testng-results ignored="0" total="1" passed="1" failed="0" skipped="0">
  <reporter-output>
  </reporter-output>
  <suite started-at="2023-10-16T14:13:35 IST" name="Default suite" finished-at="2023-10-16T14:14:50 IST" duration-ms="74283">
    <groups>
    </groups>
    <test started-at="2023-10-16T14:13:35 IST" name="Default test" finished-at="2023-10-16T14:14:50 IST" duration-ms="74283">
      <class name="test.BrowserInvoke">
        <test-method is-config="true" signature="extentconfig()[pri:0, instance:test.BrowserInvoke@28276e50]" started-at="2023-10-16T14:13:35 IST" name="extentconfig" finished-at="2023-10-16T14:13:52 IST" duration-ms="16026" status="PASS">
          <reporter-output>
          </reporter-output>
        </test-method> <!-- extentconfig -->
        <test-method is-config="true" signature="beforeMethod()[pri:0, instance:test.BrowserInvoke@28276e50]" started-at="2023-10-16T14:13:52 IST" name="beforeMethod" finished-at="2023-10-16T14:14:20 IST" duration-ms="28323" status="PASS">
          <reporter-output>
          </reporter-output>
        </test-method> <!-- beforeMethod -->
        <test-method signature="validate()[pri:0, instance:test.BrowserInvoke@28276e50]" started-at="2023-10-16T14:14:20 IST" name="validate" finished-at="2023-10-16T14:14:49 IST" duration-ms="29326" status="PASS">
          <reporter-output>
          </reporter-output>
        </test-method> <!-- validate -->
        <test-method is-config="true" signature="afterMethod()[pri:0, instance:test.BrowserInvoke@28276e50]" started-at="2023-10-16T14:14:49 IST" name="afterMethod" finished-at="2023-10-16T14:14:49 IST" duration-ms="164" status="PASS">
          <reporter-output>
          </reporter-output>
        </test-method> <!-- afterMethod -->
        <test-method is-config="true" signature="teardown()[pri:0, instance:test.BrowserInvoke@28276e50]" started-at="2023-10-16T14:14:49 IST" name="teardown" finished-at="2023-10-16T14:14:50 IST" duration-ms="407" status="PASS">
          <reporter-output>
          </reporter-output>
        </test-method> <!-- teardown -->
      </class> <!-- test.BrowserInvoke -->
    </test> <!-- Default test -->
  </suite> <!-- Default suite -->
</testng-results>
